<?xml version="1.0" encoding="UTF-8"?>
<testsuite xmlns:xsi="http://www.w3.org/2001/XMLSchema-instance" xsi:noNamespaceSchemaLocation="https://maven.apache.org/surefire/maven-surefire-plugin/xsd/surefire-test-report.xsd" name="com.ojaoc.spring.example.AppTest" time="0.037" tests="1" errors="0" skipped="0" failures="0">
  <properties>
    <property name="sun.desktop" value="gnome"/>
    <property name="awt.toolkit" value="sun.awt.X11.XToolkit"/>
    <property name="java.specification.version" value="12"/>
    <property name="sun.jnu.encoding" value="UTF-8"/>
    <property name="java.class.path" value="/home/ojaoc/java-playground/spring.example/target/test-classes:/home/ojaoc/java-playground/spring.example/target/classes:/home/ojaoc/.m2/repository/junit/junit/4.11/junit-4.11.jar:/home/ojaoc/.m2/repository/org/hamcrest/hamcrest-core/1.3/hamcrest-core-1.3.jar:/home/ojaoc/.m2/repository/org/springframework/spring-context/5.3.1/spring-context-5.3.1.jar:/home/ojaoc/.m2/repository/org/springframework/spring-aop/5.3.1/spring-aop-5.3.1.jar:/home/ojaoc/.m2/repository/org/springframework/spring-beans/5.3.1/spring-beans-5.3.1.jar:/home/ojaoc/.m2/repository/org/springframework/spring-core/5.3.1/spring-core-5.3.1.jar:/home/ojaoc/.m2/repository/org/springframework/spring-jcl/5.3.1/spring-jcl-5.3.1.jar:/home/ojaoc/.m2/repository/org/springframework/spring-expression/5.3.1/spring-expression-5.3.1.jar:"/>
    <property name="java.vm.vendor" value="Private Build"/>
    <property name="sun.arch.data.model" value="64"/>
    <property name="java.vendor.url" value="Unknown"/>
    <property name="user.country.format" value="PT"/>
    <property name="os.name" value="Linux"/>
    <property name="java.vm.specification.version" value="12"/>
    <property name="sun.java.launcher" value="SUN_STANDARD"/>
    <property name="user.country" value="US"/>
    <property name="sun.boot.library.path" value="/usr/lib/jvm/java-12-openjdk-amd64/lib"/>
    <property name="sun.java.command" value="/home/ojaoc/java-playground/spring.example/target/surefire/surefirebooter14864457038207586896.jar /home/ojaoc/java-playground/spring.example/target/surefire 2020-11-15T21-19-47_250-jvmRun1 surefire2365367863807215673tmp surefire_010552429635328914255tmp"/>
    <property name="jdk.debug" value="release"/>
    <property name="surefire.test.class.path" value="/home/ojaoc/java-playground/spring.example/target/test-classes:/home/ojaoc/java-playground/spring.example/target/classes:/home/ojaoc/.m2/repository/junit/junit/4.11/junit-4.11.jar:/home/ojaoc/.m2/repository/org/hamcrest/hamcrest-core/1.3/hamcrest-core-1.3.jar:/home/ojaoc/.m2/repository/org/springframework/spring-context/5.3.1/spring-context-5.3.1.jar:/home/ojaoc/.m2/repository/org/springframework/spring-aop/5.3.1/spring-aop-5.3.1.jar:/home/ojaoc/.m2/repository/org/springframework/spring-beans/5.3.1/spring-beans-5.3.1.jar:/home/ojaoc/.m2/repository/org/springframework/spring-core/5.3.1/spring-core-5.3.1.jar:/home/ojaoc/.m2/repository/org/springframework/spring-jcl/5.3.1/spring-jcl-5.3.1.jar:/home/ojaoc/.m2/repository/org/springframework/spring-expression/5.3.1/spring-expression-5.3.1.jar:"/>
    <property name="sun.cpu.endian" value="little"/>
    <property name="user.home" value="/home/ojaoc"/>
    <property name="user.language" value="en"/>
    <property name="java.specification.vendor" value="Oracle Corporation"/>
    <property name="java.version.date" value="2019-07-16"/>
    <property name="java.home" value="/usr/lib/jvm/java-12-openjdk-amd64"/>
    <property name="file.separator" value="/"/>
    <property name="basedir" value="/home/ojaoc/java-playground/spring.example"/>
    <property name="java.vm.compressedOopsMode" value="32-bit"/>
    <property name="line.separator" value="&#10;"/>
    <property name="java.vm.specification.vendor" value="Oracle Corporation"/>
    <property name="java.specification.name" value="Java Platform API Specification"/>
    <property name="java.awt.graphicsenv" value="sun.awt.X11GraphicsEnvironment"/>
    <property name="surefire.real.class.path" value="/home/ojaoc/java-playground/spring.example/target/surefire/surefirebooter14864457038207586896.jar"/>
    <property name="sun.management.compiler" value="HotSpot 64-Bit Tiered Compilers"/>
    <property name="java.runtime.version" value="12.0.2+9-Ubuntu-118.04"/>
    <property name="user.name" value="ojaoc"/>
    <property name="path.separator" value=":"/>
    <property name="os.version" value="5.4.0-53-generic"/>
    <property name="java.runtime.name" value="OpenJDK Runtime Environment"/>
    <property name="file.encoding" value="UTF-8"/>
    <property name="java.vm.name" value="OpenJDK 64-Bit Server VM"/>
    <property name="localRepository" value="/home/ojaoc/.m2/repository"/>
    <property name="java.vendor.url.bug" value="Unknown"/>
    <property name="java.io.tmpdir" value="/tmp"/>
    <property name="java.version" value="12.0.2"/>
    <property name="user.dir" value="/home/ojaoc/java-playground/spring.example"/>
    <property name="os.arch" value="amd64"/>
    <property name="java.vm.specification.name" value="Java Virtual Machine Specification"/>
    <property name="user.language.format" value="pt"/>
    <property name="java.library.path" value="/usr/java/packages/lib:/usr/lib/x86_64-linux-gnu/jni:/lib/x86_64-linux-gnu:/usr/lib/x86_64-linux-gnu:/usr/lib/jni:/lib:/usr/lib"/>
    <property name="java.vm.info" value="mixed mode"/>
    <property name="java.vendor" value="Private Build"/>
    <property name="java.vm.version" value="12.0.2+9-Ubuntu-118.04"/>
    <property name="sun.io.unicode.encoding" value="UnicodeLittle"/>
    <property name="java.class.version" value="56.0"/>
  </properties>
  <testcase name="shouldAnswerWithTrue" classname="com.ojaoc.spring.example.AppTest" time="0.002"/>
</testsuite>